
Start time     : 2014-03-05T13:47:35
Program name   : esorex
Severity level : [ INFO  ] 

13:47:35 [ INFO  ] : Libraries used: CPL = 5.2.0, CFITSIO = 3.09, WCSLIB = 4.4.4, FFTW (single precision)

13:47:35 [ INFO  ] uves_initialize: **********************************
13:47:35 [ INFO  ] uves_initialize: *** FLAMES/UVES Pipeline 4.7.8 ***
13:47:35 [ INFO  ] uves_initialize: ***  Recipe: uves_obs_scired   ***
13:47:35 [ INFO  ] uves_initialize: **********************************
13:47:35 [ INFO  ] uves_initialize: This recipe reduces a science frame
13:47:35 [ INFO  ] uves_initialize:   Input frames
13:47:35 [ INFO  ] uves_print_cpl_frame:     RAW     SCIENCE_BLUE         'hem1341m1020_sci_390_09.fits'
13:47:35 [ INFO  ] uves_print_cpl_frame:     CALIB   MASTER_BIAS_BLUE     'masterbias_blue.fits'
13:47:35 [ INFO  ] uves_print_cpl_frame:     CALIB   MASTER_FLAT_BLUE     'masterflat_blue.fits'
13:47:35 [ INFO  ] uves_print_cpl_frame:     CALIB   ORDER_TABLE_BLUE     'ordertable_blue.fits'
13:47:35 [ INFO  ] uves_print_cpl_frame:     CALIB   LINE_TABLE_BLUE      'linetable_blue.fits'
13:47:35 [ INFO  ] load_raw_image:       Raw frame is blue, new format, file 'hem1341m1020_sci_390_09.fits' has 0 extensions
13:47:35 [ INFO  ] uves_crop_and_rotate:       Raw image cropped and rotated from 2048x3000 to 3000x2048
13:47:35 [ INFO  ] uves_reduce_scired:   No atmospheric extinction table. Flux calibration not done
13:47:35 [ INFO  ] uves_reduce_scired: Processing BLUE chip in 'hem1341m1020_sci_390_09.fits'
13:47:35 [ INFO  ] uves_reduce_scired:   Using master bias in 'masterbias_blue.fits'
13:47:35 [ INFO  ] uves_reduce_scired:   No master dark in SOF. Dark subtraction not done
13:47:36 [ INFO  ] uves_reduce_scired:   Using master flat in 'masterflat_blue.fits'
13:47:36 [ INFO  ] uves_reduce_scired:   Using order table in 'ordertable_blue.fits'
13:47:36 [ INFO  ] uves_reduce_scired:   Using line table(s) in 'linetable_blue.fits'
13:47:36 [ INFO  ] uves_reduce_scired:   Using line table(s) in 'linetable_blue.fits'
13:47:36 [ INFO  ] uves_reduce_scired:   Using line table(s) in 'linetable_blue.fits'
13:47:36 [ INFO  ] uves_scired_process_chip:   Reducing science object
13:47:36 [ INFO  ] uves_reduce:     Subtracting master bias
13:47:36 [ INFO  ] uves_reduce:     Skipping dark subtraction
13:47:36 [ INFO  ] uves_save_image_local:       Bias/dark subtracted raw image saved to 'pre_blue.fits'
13:47:36 [ INFO  ] uves_reduce:     Creating noise image
13:47:36 [ INFO  ] uves_save_image_local:       Background subtracted raw image noise saved to 'errb_blue.fits'
13:47:36 [ INFO  ] uves_reduce:     Subtracting inter-order background
13:47:36 [ INFO  ] uves_backsub_spline:       Sample window (pixels): radx, rady = 18, 2
13:47:37 [ INFO  ] uves_backsub_spline:       Smoothing window (pixels): smox, smoy = 219, 200
13:47:37 [ INFO  ] uves_backsub_spline:       Subtracting background image
13:47:37 [ INFO  ] uves_save_image_local:       Background subtracted raw image saved to 'b_blue.fits'
13:47:37 [ INFO  ] uves_save_image_local:       Master flat image saved to 'mf_blue.fits'
13:47:37 [ INFO  ] uves_reduce:     Creating master flat noise image
13:47:37 [ INFO  ] uves_save_image_local:       Master flat noise saved to 'errmf_blue.fits'
13:47:37 [ INFO  ] uves_reduce:     Slit length = 30.52 pixels
13:47:37 [ INFO  ] extract_ff_rebin_merge:       Extracting object
13:47:37 [ INFO  ] uves_extract:         Estimated S/N is 4.26, auto-selecting profile measuring method 'gauss'
13:47:37 [ INFO  ] uves_extract:           Slit length = 30.5 pixels; offset = 0.0 pixel(s)
13:47:37 [ INFO  ] opt_extract_sky:           Defining sky region
13:47:37 [ INFO  ] opt_extract_sky:             22/34 sky pixels
13:47:37 [ INFO  ] opt_extract_sky:           Subtracting sky (method = median of sky channels)
13:47:38 [ INFO  ] uves_extract:         Measuring spatial profile (method = gauss, chunk = 32 bins)
13:47:38 [ INFO  ] opt_measure_profile:           Order 1 : Chi^2/N = 1.20; FWHM = 9.82 pix; Offset = -0.14 pix
13:47:38 [ INFO  ] opt_measure_profile:           Order 2 : Chi^2/N = 1.18; FWHM = 8.62 pix; Offset = -0.06 pix
13:47:39 [ INFO  ] opt_measure_profile:           Order 3 : Chi^2/N = 1.22; FWHM = 7.98 pix; Offset = -0.17 pix
13:47:39 [ INFO  ] opt_measure_profile:           Order 4 : Chi^2/N = 1.21; FWHM = 7.64 pix; Offset = -0.05 pix
13:47:40 [ INFO  ] opt_measure_profile:           Order 5 : Chi^2/N = 1.23; FWHM = 8.16 pix; Offset = -0.21 pix
13:47:40 [ INFO  ] opt_measure_profile:           Order 6 : Chi^2/N = 1.24; FWHM = 7.73 pix; Offset = -0.23 pix
13:47:41 [ INFO  ] opt_measure_profile:           Order 7 : Chi^2/N = 1.23; FWHM = 7.39 pix; Offset = -0.30 pix
13:47:41 [ INFO  ] opt_measure_profile:           Order 8 : Chi^2/N = 1.23; FWHM = 7.46 pix; Offset = -0.41 pix
13:47:42 [ INFO  ] opt_measure_profile:           Order 9 : Chi^2/N = 1.23; FWHM = 8.04 pix; Offset = -0.32 pix
13:47:43 [ INFO  ] opt_measure_profile:           Order 10: Chi^2/N = 1.23; FWHM = 6.97 pix; Offset = -0.38 pix
13:47:43 [ INFO  ] opt_measure_profile:           Order 11: Chi^2/N = 1.23; FWHM = 8.27 pix; Offset = -0.37 pix
13:47:44 [ INFO  ] opt_measure_profile:           Order 12: Chi^2/N = 1.27; FWHM = 6.82 pix; Offset = -0.46 pix
13:47:44 [ INFO  ] opt_measure_profile:           Order 13: Chi^2/N = 1.26; FWHM = 6.76 pix; Offset = -0.45 pix
13:47:45 [ INFO  ] opt_measure_profile:           Order 14: Chi^2/N = 1.25; FWHM = 6.66 pix; Offset = -0.51 pix
13:47:45 [ INFO  ] opt_measure_profile:           Order 15: Chi^2/N = 1.27; FWHM = 6.34 pix; Offset = -0.62 pix
13:47:45 [ INFO  ] opt_measure_profile:           Order 16: Chi^2/N = 1.30; FWHM = 6.51 pix; Offset = -0.59 pix
13:47:46 [ INFO  ] opt_measure_profile:           Order 17: Chi^2/N = 1.28; FWHM = 6.11 pix; Offset = -0.67 pix
13:47:46 [ INFO  ] opt_measure_profile:           Order 18: Chi^2/N = 1.30; FWHM = 6.10 pix; Offset = -0.70 pix
13:47:47 [ INFO  ] opt_measure_profile:           Order 19: Chi^2/N = 1.29; FWHM = 6.05 pix; Offset = -0.76 pix
13:47:47 [ INFO  ] opt_measure_profile:           Order 20: Chi^2/N = 1.33; FWHM = 6.03 pix; Offset = -0.83 pix
13:47:48 [ INFO  ] opt_measure_profile:           Order 21: Chi^2/N = 1.36; FWHM = 5.90 pix; Offset = -0.88 pix
13:47:48 [ INFO  ] opt_measure_profile:           Order 22: Chi^2/N = 1.32; FWHM = 5.88 pix; Offset = -0.89 pix
13:47:48 [ INFO  ] opt_measure_profile:           Order 23: Chi^2/N = 1.35; FWHM = 5.77 pix; Offset = -0.95 pix
13:47:49 [ INFO  ] opt_measure_profile:           Order 24: Chi^2/N = 1.33; FWHM = 5.73 pix; Offset = -0.96 pix
13:47:49 [ INFO  ] opt_measure_profile:           Order 25: Chi^2/N = 1.33; FWHM = 5.71 pix; Offset = -0.95 pix
13:47:50 [ INFO  ] opt_measure_profile:           Order 26: Chi^2/N = 1.32; FWHM = 5.63 pix; Offset = -1.00 pix
13:47:50 [ INFO  ] opt_measure_profile:           Order 27: Chi^2/N = 1.32; FWHM = 5.64 pix; Offset = -1.04 pix
13:47:51 [ INFO  ] opt_measure_profile:           Order 28: Chi^2/N = 1.31; FWHM = 5.58 pix; Offset = -1.05 pix
13:47:51 [ INFO  ] opt_measure_profile:           Order 29: Chi^2/N = 1.33; FWHM = 5.56 pix; Offset = -1.09 pix
13:47:51 [ INFO  ] opt_measure_profile:           Order 30: Chi^2/N = 1.34; FWHM = 5.63 pix; Offset = -1.10 pix
13:47:52 [ INFO  ] opt_measure_profile:           Order 31: Chi^2/N = 1.35; FWHM = 5.55 pix; Offset = -1.15 pix
13:47:52 [ INFO  ] opt_measure_profile:           Order 32: Chi^2/N = 1.34; FWHM = 5.55 pix; Offset = -1.14 pix
13:47:53 [ INFO  ] opt_measure_profile:           Order 33: Chi^2/N = 1.32; FWHM = 5.54 pix; Offset = -1.18 pix
13:47:53 [ INFO  ] opt_measure_profile:           Order 34: Chi^2/N = 1.34; FWHM = 5.55 pix; Offset = -1.18 pix
13:47:54 [ INFO  ] opt_measure_profile:           Order 35: Chi^2/N = 1.36; FWHM = 5.50 pix; Offset = -1.20 pix
13:47:54 [ INFO  ] opt_measure_profile:           Order 36: Chi^2/N = 1.34; FWHM = 5.53 pix; Offset = -1.23 pix
13:47:54 [ INFO  ] opt_measure_profile:           Order 37: Chi^2/N = 1.32; FWHM = 5.53 pix; Offset = -1.24 pix
13:47:55 [ INFO  ] opt_measure_profile:           Order 38: Chi^2/N = 1.33; FWHM = 5.54 pix; Offset = -1.24 pix
13:47:55 [ INFO  ] opt_measure_profile:           Order 39: Chi^2/N = 1.32; FWHM = 5.62 pix; Offset = -1.25 pix
13:47:55 [ INFO  ] opt_measure_profile:           Order 40: Chi^2/N = 1.31; FWHM = 5.74 pix; Offset = -1.23 pix
13:47:55 [ INFO  ] opt_measure_profile:             Fitting profile centroid = polynomial(x, order)
13:47:55 [ INFO  ] uves_polynomial_regression_2d_autodegree:             (0, 0)-degree: RMS = 0.395 pixels (215/2982 outliers)
13:47:55 [ INFO  ] uves_polynomial_regression_2d_autodegree:             (0, 1)-degree: RMS = 0.138 pixels (494/2982 outliers)
13:47:55 [ INFO  ] uves_polynomial_regression_2d_autodegree:             (0, 2)-degree: RMS = 0.128 pixels (515/2982 outliers)
13:47:55 [ INFO  ] uves_polynomial_regression_2d_autodegree:             (1, 0)-degree: RMS = 0.387 pixels (226/2982 outliers)
13:47:55 [ INFO  ] uves_polynomial_regression_2d_autodegree:             (1, 1)-degree: RMS = 0.135 pixels (493/2982 outliers)
13:47:55 [ INFO  ] uves_polynomial_regression_2d_autodegree:             (2, 0)-degree: RMS = 0.39 pixels (221/2982 outliers)
13:47:55 [ INFO  ] uves_polynomial_regression_2d_autodegree:             (0, 3)-degree: RMS = 0.125 pixels (528/2982 outliers)
13:47:56 [ INFO  ] uves_polynomial_regression_2d_autodegree:             (1, 2)-degree: RMS = 0.123 pixels (524/2982 outliers)
13:47:56 [ INFO  ] uves_polynomial_regression_2d_autodegree:             (2, 1)-degree: RMS = 0.114 pixels (559/2982 outliers)
13:47:56 [ INFO  ] uves_polynomial_regression_2d_autodegree:             (0, 4)-degree: RMS = 0.121 pixels (553/2982 outliers)
13:47:56 [ INFO  ] uves_polynomial_regression_2d_autodegree:             (1, 3)-degree: RMS = 0.121 pixels (533/2982 outliers)
13:47:56 [ INFO  ] uves_polynomial_regression_2d_autodegree:             (2, 2)-degree: RMS = 0.105 pixels (566/2982 outliers)
13:47:56 [ INFO  ] uves_polynomial_regression_2d_autodegree:             (1, 4)-degree: RMS = 0.117 pixels (557/2982 outliers)
13:47:56 [ INFO  ] uves_polynomial_regression_2d_autodegree:             (1, 5)-degree: RMS = 0.116 pixels (564/2982 outliers)
13:47:56 [ INFO  ] uves_polynomial_regression_2d_autodegree:             (2, 3)-degree: RMS = 0.102 pixels (577/2982 outliers)
13:47:56 [ INFO  ] uves_polynomial_regression_2d_autodegree:             (2, 4)-degree: RMS = 0.1 pixels (589/2982 outliers)
13:47:56 [ INFO  ] uves_polynomial_regression_2d_autodegree:             (3, 3)-degree: RMS = 0.103 pixels (568/2982 outliers)
13:47:56 [ INFO  ] uves_polynomial_regression_2d_autodegree:             (2, 5)-degree: RMS = 0.1 pixels (595/2982 outliers)
13:47:56 [ INFO  ] uves_polynomial_regression_2d_autodegree:             (3, 4)-degree: RMS = 0.102 pixels (577/2982 outliers)
13:47:56 [ INFO  ] uves_polynomial_regression_2d_autodegree:             (4, 3)-degree: RMS = 0.1 pixels (595/2982 outliers)
13:47:56 [ INFO  ] uves_polynomial_regression_2d_autodegree:             Using degree (2, 3), RMS = 0.102 pixels
13:47:56 [ INFO  ] opt_measure_profile:             Object offset at chip center = -0.83 pixels
13:47:56 [ INFO  ] opt_measure_profile:             Fitting profile width = polynomial(x, order)
13:47:56 [ INFO  ] uves_polynomial_regression_2d_autodegree:             (0, 0)-degree: RMS = 0.184 pixels (448/2405 outliers)
13:47:56 [ INFO  ] uves_polynomial_regression_2d_autodegree:             (0, 1)-degree: RMS = 0.129 pixels (476/2405 outliers)
13:47:56 [ INFO  ] uves_polynomial_regression_2d_autodegree:             (0, 2)-degree: RMS = 0.115 pixels (462/2405 outliers)
13:47:56 [ INFO  ] uves_polynomial_regression_2d_autodegree:             (1, 0)-degree: RMS = 0.148 pixels (517/2405 outliers)
13:47:56 [ INFO  ] uves_polynomial_regression_2d_autodegree:             (1, 1)-degree: RMS = 0.0979 pixels (558/2405 outliers)
13:47:56 [ INFO  ] uves_polynomial_regression_2d_autodegree:             (2, 0)-degree: RMS = 0.134 pixels (540/2405 outliers)
13:47:56 [ INFO  ] uves_polynomial_regression_2d_autodegree:             (0, 3)-degree: RMS = 0.114 pixels (468/2405 outliers)
13:47:56 [ INFO  ] uves_polynomial_regression_2d_autodegree:             (1, 2)-degree: RMS = 0.089 pixels (505/2405 outliers)
13:47:56 [ INFO  ] uves_polynomial_regression_2d_autodegree:             (2, 1)-degree: RMS = 0.0887 pixels (550/2405 outliers)
13:47:56 [ INFO  ] uves_polynomial_regression_2d_autodegree:             Using degree (1, 1), RMS = 0.0979 pixels
13:47:56 [ INFO  ] opt_measure_profile:             Profile FWHM at chip center = 5.88 pixels
13:47:56 [ INFO  ] opt_measure_profile:           Median(reduced Chi^2) is 1.334299
13:47:56 [ INFO  ] uves_extract:         Extracting object and sky (method = optimal)
13:47:56 [ INFO  ] uves_extract:         Order #1: S/N = 1.15
13:47:56 [ INFO  ] uves_extract:         Order #2: S/N = 3.06
13:47:56 [ INFO  ] uves_extract:         Order #3: S/N = 2.91
13:47:56 [ INFO  ] uves_extract:         Order #4: S/N = 3.04
13:47:56 [ INFO  ] uves_extract:         Order #5: S/N = 3.70
13:47:57 [ INFO  ] uves_extract:         Order #6: S/N = 3.77
13:47:57 [ INFO  ] uves_extract:         Order #7: S/N = 4.21
13:47:57 [ INFO  ] uves_extract:         Order #8: S/N = 2.95
13:47:57 [ INFO  ] uves_extract:         Order #9: S/N = 4.83
13:47:57 [ INFO  ] uves_extract:         Order #10: S/N = 5.38
13:47:57 [ INFO  ] uves_extract:         Order #11: S/N = 2.93
13:47:58 [ INFO  ] uves_extract:         Order #12: S/N = 5.64
13:47:58 [ INFO  ] uves_extract:         Order #13: S/N = 5.52
13:47:58 [ INFO  ] uves_extract:         Order #14: S/N = 5.75
13:47:58 [ INFO  ] uves_extract:         Order #15: S/N = 7.04
13:47:58 [ INFO  ] uves_extract:         Order #16: S/N = 6.99
13:47:58 [ INFO  ] uves_extract:         Order #17: S/N = 9.71
13:47:59 [ INFO  ] uves_extract:         Order #18: S/N = 9.99
13:47:59 [ INFO  ] uves_extract:         Order #19: S/N = 10.47
13:47:59 [ INFO  ] uves_extract:         Order #20: S/N = 14.39
13:47:59 [ INFO  ] uves_extract:         Order #21: S/N = 19.17
13:47:59 [ INFO  ] uves_extract:         Order #22: S/N = 7.47
13:47:59 [ INFO  ] uves_extract:         Order #23: S/N = 18.05
13:48:00 [ INFO  ] uves_extract:         Order #24: S/N = 14.64
13:48:00 [ INFO  ] uves_extract:         Order #25: S/N = 13.26
13:48:00 [ INFO  ] uves_extract:         Order #26: S/N = 12.60
13:48:00 [ INFO  ] uves_extract:         Order #27: S/N = 12.23
13:48:00 [ INFO  ] uves_extract:         Order #28: S/N = 12.32
13:48:00 [ INFO  ] uves_extract:         Order #29: S/N = 12.85
13:48:01 [ INFO  ] uves_extract:         Order #30: S/N = 12.86
13:48:01 [ INFO  ] uves_extract:         Order #31: S/N = 12.85
13:48:01 [ INFO  ] uves_extract:         Order #32: S/N = 12.76
13:48:01 [ INFO  ] uves_extract:         Order #33: S/N = 12.63
13:48:01 [ INFO  ] uves_extract:         Order #34: S/N = 12.65
13:48:01 [ INFO  ] uves_extract:         Order #35: S/N = 12.24
13:48:01 [ INFO  ] uves_extract:         Order #36: S/N = 12.29
13:48:02 [ INFO  ] uves_extract:         Order #37: S/N = 11.71
13:48:02 [ INFO  ] uves_extract:         Order #38: S/N = 10.01
13:48:02 [ INFO  ] uves_extract:         Order #39: S/N = 8.43
13:48:02 [ INFO  ] uves_extract:         Order #40: S/N = 4.37
13:48:02 [ INFO  ] uves_extract:         Average S/N = 4.286
13:48:02 [ INFO  ] uves_extract:           Recomputing pixel variances
13:48:04 [ INFO  ] uves_extract:         Extracting object and sky (method = optimal)
13:48:04 [ INFO  ] uves_extract:         Order #1: S/N = 1.30
13:48:04 [ INFO  ] uves_extract:         Order #2: S/N = 3.39
13:48:04 [ INFO  ] uves_extract:         Order #3: S/N = 3.16
13:48:04 [ INFO  ] uves_extract:         Order #4: S/N = 3.31
13:48:04 [ INFO  ] uves_extract:         Order #5: S/N = 3.97
13:48:05 [ INFO  ] uves_extract:         Order #6: S/N = 4.16
13:48:05 [ INFO  ] uves_extract:         Order #7: S/N = 4.59
13:48:05 [ INFO  ] uves_extract:         Order #8: S/N = 3.16
13:48:05 [ INFO  ] uves_extract:         Order #9: S/N = 5.30
13:48:05 [ INFO  ] uves_extract:         Order #10: S/N = 5.83
13:48:05 [ INFO  ] uves_extract:         Order #11: S/N = 3.15
13:48:06 [ INFO  ] uves_extract:         Order #12: S/N = 6.01
13:48:06 [ INFO  ] uves_extract:         Order #13: S/N = 6.06
13:48:06 [ INFO  ] uves_extract:         Order #14: S/N = 6.28
13:48:06 [ INFO  ] uves_extract:         Order #15: S/N = 7.58
13:48:06 [ INFO  ] uves_extract:         Order #16: S/N = 7.47
13:48:06 [ INFO  ] uves_extract:         Order #17: S/N = 10.15
13:48:06 [ INFO  ] uves_extract:         Order #18: S/N = 10.45
13:48:07 [ INFO  ] uves_extract:         Order #19: S/N = 10.96
13:48:07 [ INFO  ] uves_extract:         Order #20: S/N = 14.80
13:48:07 [ INFO  ] uves_extract:         Order #21: S/N = 19.62
13:48:07 [ INFO  ] uves_extract:         Order #22: S/N = 7.94
13:48:07 [ INFO  ] uves_extract:         Order #23: S/N = 18.50
13:48:07 [ INFO  ] uves_extract:         Order #24: S/N = 15.12
13:48:08 [ INFO  ] uves_extract:         Order #25: S/N = 13.71
13:48:08 [ INFO  ] uves_extract:         Order #26: S/N = 13.08
13:48:08 [ INFO  ] uves_extract:         Order #27: S/N = 12.67
13:48:08 [ INFO  ] uves_extract:         Order #28: S/N = 12.68
13:48:08 [ INFO  ] uves_extract:         Order #29: S/N = 13.27
13:48:08 [ INFO  ] uves_extract:         Order #30: S/N = 13.31
13:48:09 [ INFO  ] uves_extract:         Order #31: S/N = 13.22
13:48:09 [ INFO  ] uves_extract:         Order #32: S/N = 13.20
13:48:09 [ INFO  ] uves_extract:         Order #33: S/N = 13.01
13:48:09 [ INFO  ] uves_extract:         Order #34: S/N = 13.09
13:48:09 [ INFO  ] uves_extract:         Order #35: S/N = 12.74
13:48:09 [ INFO  ] uves_extract:         Order #36: S/N = 12.74
13:48:10 [ INFO  ] uves_extract:         Order #37: S/N = 12.07
13:48:10 [ INFO  ] uves_extract:         Order #38: S/N = 10.50
13:48:10 [ INFO  ] uves_extract:         Order #39: S/N = 8.92
13:48:10 [ INFO  ] uves_extract:         Order #40: S/N = 4.76
13:48:10 [ INFO  ] uves_extract:         Average S/N = 4.674
13:48:12 [ INFO  ] uves_save_image_local:           Reconstructed image saved to 'simulate_blue.fits'
13:48:12 [ INFO  ] extract_ff_rebin_merge:         1546 hot pixels were detected during optimal extraction
13:48:12 [ INFO  ] uves_save_image_local:         Extracted spectrum saved to 'xb_blue.fits'
13:48:12 [ INFO  ] uves_save_image_local:         Extracted spectrum noise saved to 'errxb_blue.fits'
13:48:12 [ INFO  ] uves_save_image_local:         Extracted sky saved to 'xsky_blue.fits'
13:48:12 [ INFO  ] uves_save_image_local:         Noise of extracted sky saved to 'errxsky_blue.fits'
13:48:12 [ INFO  ] uves_save_image_local:         Optimal extraction weights saved to 'weights_blue.fits'
13:48:12 [ INFO  ] uves_save_table_local:         Cosmic ray table saved to 'crmask_blue.fits'
13:48:12 [ INFO  ] uves_save_image_local:         Cosmic ray image saved to 'crimage_blue.fits'
13:48:13 [ INFO  ] uves_save_table_local:         Profile table saved to 'profile_blue.fits'
13:48:13 [ INFO  ] extract_ff_rebin_merge:       Extracting master flat field
13:48:13 [ INFO  ] uves_extract:           Slit length = 30.5 pixels; offset = 0.0 pixel(s)
13:48:13 [ INFO  ] uves_extract:         Extracting object (method = weighted)
13:48:13 [ INFO  ] uves_save_image_local:         Normalized master flat spectrum saved to 'xmf_blue.fits'
13:48:13 [ INFO  ] uves_save_image_local:         Noise of normalized master flat spectrum saved to 'errxmf_blue.fits'
13:48:13 [ INFO  ] extract_ff_rebin_merge:       Rebinning master flat spectrum
13:48:13 [ INFO  ] uves_save_image_local:         Resampled master flat spectrum saved to 'wxmf_blue.fits'
13:48:13 [ INFO  ] extract_ff_rebin_merge:       Dividing by normalized master flat-field (method = extract)
13:48:13 [ INFO  ] uves_save_image_local:         Flat-fielded spectrum saved to 'fxb_blue.fits'
13:48:13 [ INFO  ] uves_save_image_local:         Flat-fielded spectrum noise saved to 'errfxb_blue.fits'
13:48:13 [ INFO  ] uves_save_image_local:         Flat-fielded sky saved to 'fxsky_blue.fits'
13:48:13 [ INFO  ] uves_save_image_local:         Flat-fielded sky noise saved to 'errfxsky_blue.fits'
13:48:13 [ INFO  ] extract_ff_rebin_merge:       Rebinning spectrum
13:48:13 [ INFO  ] interpolate_wave:         Interpolating dispersion relation at offset = -0.87
13:48:14 [ INFO  ] uves_save_table_local:         Interpolated dispersion relation saved to 'intdisp_blue.fits'
13:48:14 [ INFO  ] extract_ff_rebin_merge:       Rebinning spectrum noise
13:48:14 [ INFO  ] extract_ff_rebin_merge:       Rebinning sky spectrum
13:48:14 [ INFO  ] interpolate_wave:         Interpolating dispersion relation at offset = 0.00
13:48:14 [ INFO  ] extract_ff_rebin_merge:       Rebinning sky spectrum noise
13:48:14 [ INFO  ] uves_save_image_local:         Rebinned spectrum saved to 'wfxb_blue.fits'
13:48:14 [ INFO  ] uves_save_image_local:         Noise of rebinned spectrum saved to 'errwfxb_blue.fits'
13:48:14 [ INFO  ] uves_save_image_local:         Rebinned sky saved to 'wfxsky_blue.fits'
13:48:14 [ INFO  ] uves_save_image_local:         Noise of rebinned sky saved to 'errwfxsky_blue.fits'
13:48:14 [ INFO  ] extract_ff_rebin_merge:       Rebinning pre-flatfielded spectrum
13:48:15 [ INFO  ] uves_save_image_local:         Rebinned, extracted spectrum saved to 'wx_blue.fits'
13:48:15 [ INFO  ] extract_ff_rebin_merge:       Merging sky
13:48:15 [ INFO  ] uves_merge_orders:         delt1=0.000000 delt2=0.000000
13:48:15 [ INFO  ] extract_ff_rebin_merge:       Merging spectrum
13:48:15 [ INFO  ] uves_merge_orders:         delt1=0.000000 delt2=0.000000
13:48:15 [ INFO  ] uves_save_image_local:         Merged spectrum saved to 'm_blue.fits'
13:48:15 [ INFO  ] uves_save_image_local:         Noise of merged spectrum saved to 'errm_blue.fits'
13:48:15 [ INFO  ] uves_save_image_local:         Merged sky saved to 'msky_blue.fits'
13:48:15 [ INFO  ] uves_save_image_local:         Noise of merged sky saved to 'errmsky_blue.fits'
13:48:15 [ INFO  ] uves_scired_process_chip:   Skipping absolute flux calibration
13:48:15 [ INFO  ] uves_reduce_scired: Saving products...
13:48:15 [ INFO  ] uves_reduce_scired: Reduced science spectrum 'red_science_blue.fits' (RED_SCIENCE_BLUE) added to frameset
13:48:15 [ INFO  ] uves_reduce_scired: Merged science spectrum 'merged_science_blue.fits' (MERGED_SCIENCE_BLUE) added to frameset
13:48:15 [ INFO  ] uves_reduce_scired: Wavelength calibrated science spectrum 'resampled_science_blue.fits' (WCALIB_SCIENCE_BLUE) added to frameset
13:48:15 [ INFO  ] uves_reduce_scired: Extraction quality table 'order_extract_qc_blue.fits' (ORDER_EXTRACT_QC_BLUE) added to frameset
13:48:15 [ INFO  ] uves_save_paf:   Writing resampled_ff_science_blue-0.paf
13:48:15 [ INFO  ] uves_reduce_scired: Wavelength calibrated flat-fielded science spectrum 'resampled_ff_science_blue.fits' (WCALIB_FF_SCIENCE_BLUE) added to frameset
13:48:15 [ INFO  ] uves_reduce_scired: Wavelength calibrated flat-field spectrum 'resampled_mflat_blue.fits' (WCALIB_FLAT_OBJ_BLUE) added to frameset
13:48:15 [ INFO  ] uves_reduce_scired: Science spectrum error 'error_red_science_blue.fits' (ERRORBAR_SCIENCE_BLUE) added to frameset
13:48:15 [ INFO  ] uves_reduce_scired: Flat-fielded spectrum variance 'variance_ff_science_blue.fits' (VARIANCE_SCIENCE_BLUE) added to frameset
13:48:15 [ INFO  ] uves_reduce_scired: Background image 'background_blue.fits' (BKG_SCI_BLUE) added to frameset
13:48:15 [ INFO  ] uves_reduce_scired: Order trace table 'ordertrace_blue.fits' (ORDER_TRACE_BLUE) added to frameset
13:48:16 [ INFO  ] uves_reduce_scired: Cosmic ray table 'cr_mask_blue.fits' (CRMASK_BLUE) added to frameset
13:48:16 [ INFO  ] uves_reduce_scired: Sky spectrum 'merged_sky_blue.fits' (MERGED_SKY_BLUE) added to frameset
13:48:16 [ INFO  ] : Created product red_science_blue.fits (in place)
13:48:16 [ INFO  ] : Created product merged_science_blue.fits (in place)
13:48:16 [ INFO  ] : Created product resampled_science_blue.fits (in place)
13:48:16 [ INFO  ] : Created product order_extract_qc_blue.fits (in place)
13:48:16 [ INFO  ] : Created product resampled_ff_science_blue.fits (in place)
13:48:16 [ INFO  ] : Created product resampled_mflat_blue.fits (in place)
13:48:16 [ INFO  ] : Created product error_red_science_blue.fits (in place)
13:48:16 [ INFO  ] : Created product variance_ff_science_blue.fits (in place)
13:48:16 [ INFO  ] : Created product background_blue.fits (in place)
13:48:16 [ INFO  ] : Created product ordertrace_blue.fits (in place)
13:48:16 [ INFO  ] : Created product cr_mask_blue.fits (in place)
13:48:16 [ INFO  ] : Created product merged_sky_blue.fits (in place)
13:48:16 [ INFO  ] : 12 products created
13:48:16 [ INFO  ] : Recipe operation(s) took           40.6 seconds to complete.
13:48:16 [ INFO  ] : Size of single raw input frame  =    12.92 MB

13:48:16 [ INFO  ] : => processing rate of     0.32 MB/sec 

