
Start time     : 2014-03-05T13:48:06
Program name   : esorex
Severity level : [ INFO  ] 

13:48:06 [ INFO  ] : Libraries used: CPL = 5.2.0, CFITSIO = 3.09, WCSLIB = 4.4.4, FFTW (single precision)

13:48:06 [ INFO  ] uves_initialize: **********************************
13:48:06 [ INFO  ] uves_initialize: *** FLAMES/UVES Pipeline 4.7.8 ***
13:48:06 [ INFO  ] uves_initialize: ***  Recipe: uves_obs_scired   ***
13:48:06 [ INFO  ] uves_initialize: **********************************
13:48:06 [ INFO  ] uves_initialize: This recipe reduces a science frame
13:48:06 [ INFO  ] uves_initialize:   Input frames
13:48:06 [ INFO  ] uves_print_cpl_frame:     RAW     SCIENCE_BLUE         'pg0117p213_sci_390_08.fits'
13:48:06 [ INFO  ] uves_print_cpl_frame:     CALIB   MASTER_BIAS_BLUE     'masterbias_blue.fits'
13:48:06 [ INFO  ] uves_print_cpl_frame:     CALIB   MASTER_FLAT_BLUE     'masterflat_blue.fits'
13:48:06 [ INFO  ] uves_print_cpl_frame:     CALIB   ORDER_TABLE_BLUE     'ordertable_blue.fits'
13:48:06 [ INFO  ] uves_print_cpl_frame:     CALIB   LINE_TABLE_BLUE      'linetable_blue.fits'
13:48:06 [ INFO  ] load_raw_image:       Raw frame is blue, new format, file 'pg0117p213_sci_390_08.fits' has 0 extensions
13:48:06 [ INFO  ] uves_crop_and_rotate:       Raw image cropped and rotated from 2048x3000 to 3000x2048
13:48:06 [ INFO  ] uves_reduce_scired:   No atmospheric extinction table. Flux calibration not done
13:48:06 [ INFO  ] uves_reduce_scired: Processing BLUE chip in 'pg0117p213_sci_390_08.fits'
13:48:06 [ INFO  ] uves_reduce_scired:   Using master bias in 'masterbias_blue.fits'
13:48:06 [ INFO  ] uves_reduce_scired:   No master dark in SOF. Dark subtraction not done
13:48:06 [ INFO  ] uves_reduce_scired:   Using master flat in 'masterflat_blue.fits'
13:48:06 [ INFO  ] uves_reduce_scired:   Using order table in 'ordertable_blue.fits'
13:48:06 [ INFO  ] uves_reduce_scired:   Using line table(s) in 'linetable_blue.fits'
13:48:06 [ INFO  ] uves_reduce_scired:   Using line table(s) in 'linetable_blue.fits'
13:48:06 [ INFO  ] uves_reduce_scired:   Using line table(s) in 'linetable_blue.fits'
13:48:06 [ INFO  ] uves_scired_process_chip:   Reducing science object
13:48:06 [ INFO  ] uves_reduce:     Subtracting master bias
13:48:06 [ INFO  ] uves_reduce:     Skipping dark subtraction
13:48:06 [ INFO  ] uves_save_image_local:       Bias/dark subtracted raw image saved to 'pre_blue.fits'
13:48:06 [ INFO  ] uves_reduce:     Creating noise image
13:48:07 [ INFO  ] uves_save_image_local:       Background subtracted raw image noise saved to 'errb_blue.fits'
13:48:07 [ INFO  ] uves_reduce:     Subtracting inter-order background
13:48:07 [ INFO  ] uves_backsub_spline:       Sample window (pixels): radx, rady = 18, 2
13:48:07 [ INFO  ] uves_backsub_spline:       Smoothing window (pixels): smox, smoy = 219, 200
13:48:07 [ INFO  ] uves_backsub_spline:       Subtracting background image
13:48:07 [ INFO  ] uves_save_image_local:       Background subtracted raw image saved to 'b_blue.fits'
13:48:07 [ INFO  ] uves_save_image_local:       Master flat image saved to 'mf_blue.fits'
13:48:07 [ INFO  ] uves_reduce:     Creating master flat noise image
13:48:08 [ INFO  ] uves_save_image_local:       Master flat noise saved to 'errmf_blue.fits'
13:48:08 [ INFO  ] uves_reduce:     Slit length = 30.52 pixels
13:48:08 [ INFO  ] extract_ff_rebin_merge:       Extracting object
13:48:08 [ INFO  ] uves_extract:         Estimated S/N is 11.66, auto-selecting profile measuring method 'virtual'
13:48:08 [ INFO  ] uves_extract:         Estimated S/N is 11.66, auto-selecting oversampling factor = 5
13:48:08 [ INFO  ] uves_extract:           Slit length = 30.5 pixels; offset = 0.0 pixel(s)
13:48:08 [ INFO  ] uves_extract:         Refining order definition using the object frame
13:48:10 [ INFO  ] uves_polynomial_regression_2d_autodegree:             (0, 0)-degree: RMS = 572 pixels (0/10652 outliers)
13:48:10 [ INFO  ] uves_polynomial_regression_2d_autodegree:             (0, 1)-degree: RMS = 54.9 pixels (0/10652 outliers)
13:48:10 [ INFO  ] uves_polynomial_regression_2d_autodegree:             (0, 2)-degree: RMS = 28.6 pixels (0/10652 outliers)
13:48:10 [ INFO  ] uves_polynomial_regression_2d_autodegree:             (1, 0)-degree: RMS = 571 pixels (0/10652 outliers)
13:48:10 [ INFO  ] uves_polynomial_regression_2d_autodegree:             (1, 1)-degree: RMS = 47.6 pixels (0/10652 outliers)
13:48:10 [ INFO  ] uves_polynomial_regression_2d_autodegree:             (2, 0)-degree: RMS = 570 pixels (0/10652 outliers)
13:48:10 [ INFO  ] uves_polynomial_regression_2d_autodegree:             (0, 3)-degree: RMS = 28.5 pixels (0/10652 outliers)
13:48:10 [ INFO  ] uves_polynomial_regression_2d_autodegree:             (1, 2)-degree: RMS = 4.02 pixels (8/10652 outliers)
13:48:10 [ INFO  ] uves_polynomial_regression_2d_autodegree:             (2, 1)-degree: RMS = 47.5 pixels (0/10652 outliers)
13:48:10 [ INFO  ] uves_polynomial_regression_2d_autodegree:             (0, 4)-degree: RMS = 28.5 pixels (0/10652 outliers)
13:48:10 [ INFO  ] uves_polynomial_regression_2d_autodegree:             (1, 3)-degree: RMS = 0.604 pixels (889/10652 outliers)
13:48:10 [ INFO  ] uves_polynomial_regression_2d_autodegree:             (2, 2)-degree: RMS = 4 pixels (6/10652 outliers)
13:48:10 [ INFO  ] uves_polynomial_regression_2d_autodegree:             (1, 4)-degree: RMS = 0.504 pixels (1035/10652 outliers)
13:48:10 [ INFO  ] uves_polynomial_regression_2d_autodegree:             (2, 3)-degree: RMS = 0.379 pixels (1139/10652 outliers)
13:48:10 [ INFO  ] uves_polynomial_regression_2d_autodegree:             (3, 2)-degree: RMS = 3.99 pixels (6/10652 outliers)
13:48:10 [ INFO  ] uves_polynomial_regression_2d_autodegree:             (1, 5)-degree: RMS = 0.502 pixels (1041/10652 outliers)
13:48:10 [ INFO  ] uves_polynomial_regression_2d_autodegree:             (2, 4)-degree: RMS = 0.231 pixels (1688/10652 outliers)
13:48:10 [ INFO  ] uves_polynomial_regression_2d_autodegree:             (3, 3)-degree: RMS = 0.38 pixels (1138/10652 outliers)
13:48:10 [ INFO  ] uves_polynomial_regression_2d_autodegree:             (2, 5)-degree: RMS = 0.23 pixels (1674/10652 outliers)
13:48:10 [ INFO  ] uves_polynomial_regression_2d_autodegree:             (3, 4)-degree: RMS = 0.231 pixels (1674/10652 outliers)
13:48:10 [ INFO  ] uves_polynomial_regression_2d_autodegree:             (4, 3)-degree: RMS = 0.386 pixels (1078/10652 outliers)
13:48:11 [ INFO  ] uves_polynomial_regression_2d_autodegree:             (2, 6)-degree: RMS = 0.229 pixels (1688/10652 outliers)
13:48:11 [ INFO  ] uves_polynomial_regression_2d_autodegree:             (3, 5)-degree: RMS = 0.231 pixels (1670/10652 outliers)
13:48:11 [ INFO  ] uves_polynomial_regression_2d_autodegree:             (4, 4)-degree: RMS = 0.235 pixels (1566/10652 outliers)
13:48:11 [ INFO  ] uves_polynomial_regression_2d_autodegree:             Using degree (2, 4), RMS = 0.231 pixels
13:48:11 [ INFO  ] repeat_orderdef:           Average shift with respect to calibration solution is 1.51 pixels
13:48:11 [ INFO  ] opt_extract_sky:           Defining sky region
13:48:11 [ INFO  ] opt_extract_sky:             23/34 sky pixels
13:48:11 [ INFO  ] opt_extract_sky:           Subtracting sky (method = median of sky channels)
13:48:11 [ INFO  ] uves_extract:         Measuring spatial profile (method = virtual, oversampling = 5)
13:48:11 [ INFO  ] opt_measure_profile:             Fitting global polynomials to resampled profile (170 spatial bins)
13:48:21 [ INFO  ] uves_extract:         Extracting object and sky (method = optimal)
13:48:21 [ INFO  ] uves_extract:         Order #1: S/N = 4.17
13:48:21 [ INFO  ] uves_extract:         Order #2: S/N = 6.96
13:48:21 [ INFO  ] uves_extract:         Order #3: S/N = 7.99
13:48:21 [ INFO  ] uves_extract:         Order #4: S/N = 8.60
13:48:21 [ INFO  ] uves_extract:         Order #5: S/N = 9.12
13:48:21 [ INFO  ] uves_extract:         Order #6: S/N = 9.73
13:48:21 [ INFO  ] uves_extract:         Order #7: S/N = 10.63
13:48:21 [ INFO  ] uves_extract:         Order #8: S/N = 11.73
13:48:21 [ INFO  ] uves_extract:         Order #9: S/N = 12.94
13:48:21 [ INFO  ] uves_extract:         Order #10: S/N = 13.44
13:48:21 [ INFO  ] uves_extract:         Order #11: S/N = 12.97
13:48:21 [ INFO  ] uves_extract:         Order #12: S/N = 12.18
13:48:22 [ INFO  ] uves_extract:         Order #13: S/N = 13.36
13:48:22 [ INFO  ] uves_extract:         Order #14: S/N = 13.96
13:48:22 [ INFO  ] uves_extract:         Order #15: S/N = 14.54
13:48:22 [ INFO  ] uves_extract:         Order #16: S/N = 15.57
13:48:22 [ INFO  ] uves_extract:         Order #17: S/N = 16.54
13:48:22 [ INFO  ] uves_extract:         Order #18: S/N = 17.21
13:48:22 [ INFO  ] uves_extract:         Order #19: S/N = 18.28
13:48:22 [ INFO  ] uves_extract:         Order #20: S/N = 19.87
13:48:22 [ INFO  ] uves_extract:         Order #21: S/N = 23.72
13:48:22 [ INFO  ] uves_extract:         Order #22: S/N = 26.28
13:48:22 [ INFO  ] uves_extract:         Order #23: S/N = 23.90
13:48:22 [ INFO  ] uves_extract:         Order #24: S/N = 22.12
13:48:22 [ INFO  ] uves_extract:         Order #25: S/N = 22.25
13:48:22 [ INFO  ] uves_extract:         Order #26: S/N = 22.81
13:48:22 [ INFO  ] uves_extract:         Order #27: S/N = 23.38
13:48:22 [ INFO  ] uves_extract:         Order #28: S/N = 23.81
13:48:22 [ INFO  ] uves_extract:         Order #29: S/N = 23.92
13:48:22 [ INFO  ] uves_extract:         Order #30: S/N = 24.10
13:48:22 [ INFO  ] uves_extract:         Order #31: S/N = 23.85
13:48:22 [ INFO  ] uves_extract:         Order #32: S/N = 23.41
13:48:22 [ INFO  ] uves_extract:         Order #33: S/N = 23.48
13:48:23 [ INFO  ] uves_extract:         Order #34: S/N = 23.38
13:48:23 [ INFO  ] uves_extract:         Order #35: S/N = 22.36
13:48:23 [ INFO  ] uves_extract:         Order #36: S/N = 20.88
13:48:23 [ INFO  ] uves_extract:         Order #37: S/N = 19.40
13:48:23 [ INFO  ] uves_extract:         Order #38: S/N = 18.87
13:48:23 [ INFO  ] uves_extract:         Order #39: S/N = 17.13
13:48:23 [ INFO  ] uves_extract:         Order #40: S/N = 9.28
13:48:23 [ INFO  ] uves_extract:         Average S/N = 10.218
13:48:23 [ INFO  ] uves_extract:           Recomputing pixel variances
13:48:23 [ INFO  ] uves_extract:         Extracting object and sky (method = optimal)
13:48:23 [ INFO  ] uves_extract:         Order #1: S/N = 4.42
13:48:23 [ INFO  ] uves_extract:         Order #2: S/N = 7.27
13:48:24 [ INFO  ] uves_extract:         Order #3: S/N = 8.39
13:48:24 [ INFO  ] uves_extract:         Order #4: S/N = 8.89
13:48:24 [ INFO  ] uves_extract:         Order #5: S/N = 9.41
13:48:24 [ INFO  ] uves_extract:         Order #6: S/N = 10.05
13:48:24 [ INFO  ] uves_extract:         Order #7: S/N = 10.95
13:48:24 [ INFO  ] uves_extract:         Order #8: S/N = 12.01
13:48:24 [ INFO  ] uves_extract:         Order #9: S/N = 13.26
13:48:24 [ INFO  ] uves_extract:         Order #10: S/N = 13.76
13:48:24 [ INFO  ] uves_extract:         Order #11: S/N = 13.25
13:48:24 [ INFO  ] uves_extract:         Order #12: S/N = 12.50
13:48:24 [ INFO  ] uves_extract:         Order #13: S/N = 13.77
13:48:24 [ INFO  ] uves_extract:         Order #14: S/N = 14.29
13:48:24 [ INFO  ] uves_extract:         Order #15: S/N = 14.89
13:48:24 [ INFO  ] uves_extract:         Order #16: S/N = 15.90
13:48:24 [ INFO  ] uves_extract:         Order #17: S/N = 16.90
13:48:24 [ INFO  ] uves_extract:         Order #18: S/N = 17.62
13:48:24 [ INFO  ] uves_extract:         Order #19: S/N = 18.62
13:48:24 [ INFO  ] uves_extract:         Order #20: S/N = 20.26
13:48:24 [ INFO  ] uves_extract:         Order #21: S/N = 24.06
13:48:24 [ INFO  ] uves_extract:         Order #22: S/N = 26.63
13:48:24 [ INFO  ] uves_extract:         Order #23: S/N = 24.23
13:48:25 [ INFO  ] uves_extract:         Order #24: S/N = 22.50
13:48:25 [ INFO  ] uves_extract:         Order #25: S/N = 22.57
13:48:25 [ INFO  ] uves_extract:         Order #26: S/N = 23.14
13:48:25 [ INFO  ] uves_extract:         Order #27: S/N = 23.72
13:48:25 [ INFO  ] uves_extract:         Order #28: S/N = 24.15
13:48:25 [ INFO  ] uves_extract:         Order #29: S/N = 24.24
13:48:25 [ INFO  ] uves_extract:         Order #30: S/N = 24.44
13:48:25 [ INFO  ] uves_extract:         Order #31: S/N = 24.14
13:48:25 [ INFO  ] uves_extract:         Order #32: S/N = 23.72
13:48:25 [ INFO  ] uves_extract:         Order #33: S/N = 23.85
13:48:25 [ INFO  ] uves_extract:         Order #34: S/N = 23.75
13:48:25 [ INFO  ] uves_extract:         Order #35: S/N = 22.71
13:48:25 [ INFO  ] uves_extract:         Order #36: S/N = 21.23
13:48:25 [ INFO  ] uves_extract:         Order #37: S/N = 19.70
13:48:25 [ INFO  ] uves_extract:         Order #38: S/N = 19.22
13:48:25 [ INFO  ] uves_extract:         Order #39: S/N = 17.50
13:48:25 [ INFO  ] uves_extract:         Order #40: S/N = 9.66
13:48:25 [ INFO  ] uves_extract:         Average S/N = 10.539
13:48:26 [ INFO  ] uves_save_image_local:           Reconstructed image saved to 'simulate_blue.fits'
13:48:26 [ INFO  ] extract_ff_rebin_merge:         917 hot pixels were detected during optimal extraction
13:48:26 [ INFO  ] uves_save_image_local:         Extracted spectrum saved to 'xb_blue.fits'
13:48:26 [ INFO  ] uves_save_image_local:         Extracted spectrum noise saved to 'errxb_blue.fits'
13:48:26 [ INFO  ] uves_save_image_local:         Extracted sky saved to 'xsky_blue.fits'
13:48:26 [ INFO  ] uves_save_image_local:         Noise of extracted sky saved to 'errxsky_blue.fits'
13:48:26 [ INFO  ] uves_save_image_local:         Optimal extraction weights saved to 'weights_blue.fits'
13:48:26 [ INFO  ] uves_save_table_local:         Cosmic ray table saved to 'crmask_blue.fits'
13:48:27 [ INFO  ] uves_save_image_local:         Cosmic ray image saved to 'crimage_blue.fits'
13:48:27 [ INFO  ] uves_save_table_local:         Profile table saved to 'profile_blue.fits'
13:48:27 [ INFO  ] extract_ff_rebin_merge:       Extracting master flat field
13:48:27 [ INFO  ] uves_extract:           Slit length = 30.5 pixels; offset = 0.0 pixel(s)
13:48:27 [ INFO  ] uves_extract:         Extracting object (method = weighted)
13:48:27 [ INFO  ] uves_save_image_local:         Normalized master flat spectrum saved to 'xmf_blue.fits'
13:48:27 [ INFO  ] uves_save_image_local:         Noise of normalized master flat spectrum saved to 'errxmf_blue.fits'
13:48:27 [ INFO  ] extract_ff_rebin_merge:       Rebinning master flat spectrum
13:48:27 [ INFO  ] uves_save_image_local:         Resampled master flat spectrum saved to 'wxmf_blue.fits'
13:48:27 [ INFO  ] extract_ff_rebin_merge:       Dividing by normalized master flat-field (method = extract)
13:48:27 [ INFO  ] uves_save_image_local:         Flat-fielded spectrum saved to 'fxb_blue.fits'
13:48:27 [ INFO  ] uves_save_image_local:         Flat-fielded spectrum noise saved to 'errfxb_blue.fits'
13:48:27 [ INFO  ] uves_save_image_local:         Flat-fielded sky saved to 'fxsky_blue.fits'
13:48:27 [ INFO  ] uves_save_image_local:         Flat-fielded sky noise saved to 'errfxsky_blue.fits'
13:48:27 [ INFO  ] extract_ff_rebin_merge:       Rebinning spectrum
13:48:27 [ INFO  ] interpolate_wave:         Interpolating dispersion relation at offset = 1.11
13:48:28 [ INFO  ] uves_save_table_local:         Interpolated dispersion relation saved to 'intdisp_blue.fits'
13:48:28 [ INFO  ] extract_ff_rebin_merge:       Rebinning spectrum noise
13:48:28 [ INFO  ] extract_ff_rebin_merge:       Rebinning sky spectrum
13:48:28 [ INFO  ] interpolate_wave:         Interpolating dispersion relation at offset = 0.00
13:48:28 [ INFO  ] extract_ff_rebin_merge:       Rebinning sky spectrum noise
13:48:28 [ INFO  ] uves_save_image_local:         Rebinned spectrum saved to 'wfxb_blue.fits'
13:48:28 [ INFO  ] uves_save_image_local:         Noise of rebinned spectrum saved to 'errwfxb_blue.fits'
13:48:28 [ INFO  ] uves_save_image_local:         Rebinned sky saved to 'wfxsky_blue.fits'
13:48:28 [ INFO  ] uves_save_image_local:         Noise of rebinned sky saved to 'errwfxsky_blue.fits'
13:48:28 [ INFO  ] extract_ff_rebin_merge:       Rebinning pre-flatfielded spectrum
13:48:29 [ INFO  ] uves_save_image_local:         Rebinned, extracted spectrum saved to 'wx_blue.fits'
13:48:29 [ INFO  ] extract_ff_rebin_merge:       Merging sky
13:48:29 [ INFO  ] uves_merge_orders:         delt1=0.000000 delt2=0.000000
13:48:29 [ INFO  ] extract_ff_rebin_merge:       Merging spectrum
13:48:29 [ INFO  ] uves_merge_orders:         delt1=0.000000 delt2=0.000000
13:48:29 [ INFO  ] uves_save_image_local:         Merged spectrum saved to 'm_blue.fits'
13:48:29 [ INFO  ] uves_save_image_local:         Noise of merged spectrum saved to 'errm_blue.fits'
13:48:29 [ INFO  ] uves_save_image_local:         Merged sky saved to 'msky_blue.fits'
13:48:29 [ INFO  ] uves_save_image_local:         Noise of merged sky saved to 'errmsky_blue.fits'
13:48:29 [ INFO  ] uves_scired_process_chip:   Skipping absolute flux calibration
13:48:29 [ INFO  ] uves_reduce_scired: Saving products...
13:48:29 [ INFO  ] uves_reduce_scired: Reduced science spectrum 'red_science_blue.fits' (RED_SCIENCE_BLUE) added to frameset
13:48:29 [ INFO  ] uves_reduce_scired: Merged science spectrum 'merged_science_blue.fits' (MERGED_SCIENCE_BLUE) added to frameset
13:48:29 [ INFO  ] uves_reduce_scired: Wavelength calibrated science spectrum 'resampled_science_blue.fits' (WCALIB_SCIENCE_BLUE) added to frameset
13:48:29 [ INFO  ] uves_reduce_scired: Extraction quality table 'order_extract_qc_blue.fits' (ORDER_EXTRACT_QC_BLUE) added to frameset
13:48:29 [ INFO  ] uves_save_paf:   Writing resampled_ff_science_blue-0.paf
13:48:29 [ INFO  ] uves_reduce_scired: Wavelength calibrated flat-fielded science spectrum 'resampled_ff_science_blue.fits' (WCALIB_FF_SCIENCE_BLUE) added to frameset
13:48:29 [ INFO  ] uves_reduce_scired: Wavelength calibrated flat-field spectrum 'resampled_mflat_blue.fits' (WCALIB_FLAT_OBJ_BLUE) added to frameset
13:48:29 [ INFO  ] uves_reduce_scired: Science spectrum error 'error_red_science_blue.fits' (ERRORBAR_SCIENCE_BLUE) added to frameset
13:48:29 [ INFO  ] uves_reduce_scired: Flat-fielded spectrum variance 'variance_ff_science_blue.fits' (VARIANCE_SCIENCE_BLUE) added to frameset
13:48:29 [ INFO  ] uves_reduce_scired: Background image 'background_blue.fits' (BKG_SCI_BLUE) added to frameset
13:48:29 [ INFO  ] uves_reduce_scired: Order trace table 'ordertrace_blue.fits' (ORDER_TRACE_BLUE) added to frameset
13:48:29 [ INFO  ] uves_reduce_scired: Cosmic ray table 'cr_mask_blue.fits' (CRMASK_BLUE) added to frameset
13:48:30 [ INFO  ] uves_reduce_scired: Sky spectrum 'merged_sky_blue.fits' (MERGED_SKY_BLUE) added to frameset
13:48:30 [ INFO  ] : Created product red_science_blue.fits (in place)
13:48:30 [ INFO  ] : Created product merged_science_blue.fits (in place)
13:48:30 [ INFO  ] : Created product resampled_science_blue.fits (in place)
13:48:30 [ INFO  ] : Created product order_extract_qc_blue.fits (in place)
13:48:30 [ INFO  ] : Created product resampled_ff_science_blue.fits (in place)
13:48:30 [ INFO  ] : Created product resampled_mflat_blue.fits (in place)
13:48:30 [ INFO  ] : Created product error_red_science_blue.fits (in place)
13:48:30 [ INFO  ] : Created product variance_ff_science_blue.fits (in place)
13:48:30 [ INFO  ] : Created product background_blue.fits (in place)
13:48:30 [ INFO  ] : Created product ordertrace_blue.fits (in place)
13:48:30 [ INFO  ] : Created product cr_mask_blue.fits (in place)
13:48:30 [ INFO  ] : Created product merged_sky_blue.fits (in place)
13:48:30 [ INFO  ] : 12 products created
13:48:30 [ INFO  ] : Recipe operation(s) took           24.2 seconds to complete.
13:48:30 [ INFO  ] : Size of single raw input frame  =    12.92 MB

13:48:30 [ INFO  ] : => processing rate of     0.53 MB/sec 

